# JRE version: OpenJDK Runtime Environment (11.0.9+11) (build 11.0.9+11-post-Debian-1deb10u1)
# Java VM: OpenJDK 64-Bit Server VM (11.0.9+11-post-Debian-1deb10u1, mixed mode, sharing, tiered, compressed oops, serial gc, linux-amd64)
Heap:
 def new generation   total 943744K, used 267145K [0x0000000740000000, 0x0000000780000000, 0x0000000780000000)
  eden space 838912K,  31% used [0x0000000740000000, 0x0000000750429e28, 0x0000000773340000)
  from space 104832K,   0% used [0x0000000773340000, 0x00000007733f89c8, 0x00000007799a0000)
  to   space 104832K,   0% used [0x00000007799a0000, 0x00000007799a0000, 0x0000000780000000)
 tenured generation   total 2097152K, used 996219K [0x0000000780000000, 0x0000000800000000, 0x0000000800000000)
   the space 2097152K,  47% used [0x0000000780000000, 0x00000007bccdedc8, 0x00000007bccdee00, 0x0000000800000000)
 Metaspace       used 98338K, capacity 104664K, committed 104984K, reserved 1138688K
  class space    used 12394K, capacity 15092K, committed 15232K, reserved 1048576K
GC Heap History (20 events):
Event: 125346.057 GC heap before
{Heap before GC invocations=9001 (full 5):
 def new generation   total 943744K, used 839675K [0x0000000740000000, 0x0000000780000000, 0x0000000780000000)
  eden space 838912K, 100% used [0x0000000740000000, 0x0000000773340000, 0x0000000773340000)
  from space 104832K,   0% used [0x0000000773340000, 0x00000007733fee00, 0x00000007799a0000)
  to   space 104832K,   0% used [0x00000007799a0000, 0x00000007799a0000, 0x0000000780000000)
 tenured generation   total 2097152K, used 996171K [0x0000000780000000, 0x0000000800000000, 0x0000000800000000)
   the space 2097152K,  47% used [0x0000000780000000, 0x00000007bccd2c78, 0x00000007bccd2e00, 0x0000000800000000)
 Metaspace       used 98338K, capacity 104664K, committed 104984K, reserved 1138688K
  class space    used 12394K, capacity 15092K, committed 15232K, reserved 1048576K
}
Event: 125346.350 GC heap after
{Heap after GC invocations=9002 (full 5):
 def new generation   total 943744K, used 732K [0x0000000740000000, 0x0000000780000000, 0x0000000780000000)
  eden space 838912K,   0% used [0x0000000740000000, 0x0000000740000000, 0x0000000773340000)
  from space 104832K,   0% used [0x00000007799a0000, 0x0000000779a57060, 0x0000000780000000)
  to   space 104832K,   0% used [0x0000000773340000, 0x0000000773340000, 0x00000007799a0000)
 tenured generation   total 2097152K, used 996176K [0x0000000780000000, 0x0000000800000000, 0x0000000800000000)
   the space 2097152K,  47% used [0x0000000780000000, 0x00000007bccd4038, 0x00000007bccd4200, 0x0000000800000000)
 Metaspace       used 98338K, capacity 104664K, committed 104984K, reserved 1138688K
  class space    used 12394K, capacity 15092K, committed 15232K, reserved 1048576K
}
Event: 125358.940 GC heap before
{Heap before GC invocations=9002 (full 5):
 def new generation   total 943744K, used 839644K [0x0000000740000000, 0x0000000780000000, 0x0000000780000000)
  eden space 838912K, 100% used [0x0000000740000000, 0x0000000773340000, 0x0000000773340000)
  from space 104832K,   0% used [0x00000007799a0000, 0x0000000779a57060, 0x0000000780000000)
  to   space 104832K,   0% used [0x0000000773340000, 0x0000000773340000, 0x00000007799a0000)
 tenured generation   total 2097152K, used 996176K [0x0000000780000000, 0x0000000800000000, 0x0000000800000000)
   the space 2097152K,  47% used [0x0000000780000000, 0x00000007bccd4038, 0x00000007bccd4200, 0x0000000800000000)
 Metaspace       used 98338K, capacity 104664K, committed 104984K, reserved 1138688K
  class space    used 12394K, capacity 15092K, committed 15232K, reserved 1048576K
}
Event: 125359.243 GC heap after
{Heap after GC invocations=9003 (full 5):
 def new generation   total 943744K, used 664K [0x0000000740000000, 0x0000000780000000, 0x0000000780000000)
  eden space 838912K,   0% used [0x0000000740000000, 0x0000000740000000, 0x0000000773340000)
  from space 104832K,   0% used [0x0000000773340000, 0x00000007733e6340, 0x00000007799a0000)
  to   space 104832K,   0% used [0x00000007799a0000, 0x00000007799a0000, 0x0000000780000000)
 tenured generation   total 2097152K, used 996184K [0x0000000780000000, 0x0000000800000000, 0x0000000800000000)
   the space 2097152K,  47% used [0x0000000780000000, 0x00000007bccd6348, 0x00000007bccd6400, 0x0000000800000000)
 Metaspace       used 98338K, capacity 104664K, committed 104984K, reserved 1138688K
  class space    used 12394K, capacity 15092K, committed 15232K, reserved 1048576K
}
Event: 125371.898 GC heap before
{Heap before GC invocations=9003 (full 5):
 def new generation   total 943744K, used 839576K [0x0000000740000000, 0x0000000780000000, 0x0000000780000000)
  eden space 838912K, 100% used [0x0000000740000000, 0x0000000773340000, 0x0000000773340000)
  from space 104832K,   0% used [0x0000000773340000, 0x00000007733e6340, 0x00000007799a0000)
  to   space 104832K,   0% used [0x00000007799a0000, 0x00000007799a0000, 0x0000000780000000)
 tenured generation   total 2097152K, used 996184K [0x0000000780000000, 0x0000000800000000, 0x0000000800000000)
   the space 2097152K,  47% used [0x0000000780000000, 0x00000007bccd6348, 0x00000007bccd6400, 0x0000000800000000)
 Metaspace       used 98338K, capacity 104664K, committed 104984K, reserved 1138688K
  class space    used 12394K, capacity 15092K, committed 15232K, reserved 1048576K
}
Event: 125372.271 GC heap after
{Heap after GC invocations=9004 (full 5):
 def new generation   total 943744K, used 682K [0x0000000740000000, 0x0000000780000000, 0x0000000780000000)
  eden space 838912K,   0% used [0x0000000740000000, 0x0000000740000000, 0x0000000773340000)
  from space 104832K,   0% used [0x00000007799a0000, 0x0000000779a4aa18, 0x0000000780000000)
  to   space 104832K,   0% used [0x0000000773340000, 0x0000000773340000, 0x00000007799a0000)
 tenured generation   total 2097152K, used 996188K [0x0000000780000000, 0x0000000800000000, 0x0000000800000000)
   the space 2097152K,  47% used [0x0000000780000000, 0x00000007bccd7308, 0x00000007bccd7400, 0x0000000800000000)
 Metaspace       used 98338K, capacity 104664K, committed 104984K, reserved 1138688K
  class space    used 12394K, capacity 15092K, committed 15232K, reserved 1048576K
}
Event: 125383.942 GC heap before
{Heap before GC invocations=9004 (full 5):
 def new generation   total 943744K, used 839594K [0x0000000740000000, 0x0000000780000000, 0x0000000780000000)
  eden space 838912K, 100% used [0x0000000740000000, 0x0000000773340000, 0x0000000773340000)
  from space 104832K,   0% used [0x00000007799a0000, 0x0000000779a4aa18, 0x0000000780000000)
  to   space 104832K,   0% used [0x0000000773340000, 0x0000000773340000, 0x00000007799a0000)
 tenured generation   total 2097152K, used 996188K [0x0000000780000000, 0x0000000800000000, 0x0000000800000000)
   the space 2097152K,  47% used [0x0000000780000000, 0x00000007bccd7308, 0x00000007bccd7400, 0x0000000800000000)
 Metaspace       used 98338K, capacity 104664K, committed 104984K, reserved 1138688K
  class space    used 12394K, capacity 15092K, committed 15232K, reserved 1048576K
}
Event: 125384.237 GC heap after
{Heap after GC invocations=9005 (full 5):
 def new generation   total 943744K, used 716K [0x0000000740000000, 0x0000000780000000, 0x0000000780000000)
  eden space 838912K,   0% used [0x0000000740000000, 0x0000000740000000, 0x0000000773340000)
  from space 104832K,   0% used [0x0000000773340000, 0x00000007733f3188, 0x00000007799a0000)
  to   space 104832K,   0% used [0x00000007799a0000, 0x00000007799a0000, 0x0000000780000000)
 tenured generation   total 2097152K, used 996202K [0x0000000780000000, 0x0000000800000000, 0x0000000800000000)
   the space 2097152K,  47% used [0x0000000780000000, 0x00000007bccdaac8, 0x00000007bccdac00, 0x0000000800000000)
 Metaspace       used 98338K, capacity 104664K, committed 104984K, reserved 1138688K
  class space    used 12394K, capacity 15092K, committed 15232K, reserved 1048576K
}
Event: 125396.907 GC heap before
{Heap before GC invocations=9005 (full 5):
 def new generation   total 943744K, used 839628K [0x0000000740000000, 0x0000000780000000, 0x0000000780000000)
  eden space 838912K, 100% used [0x0000000740000000, 0x0000000773340000, 0x0000000773340000)
  from space 104832K,   0% used [0x0000000773340000, 0x00000007733f3188, 0x00000007799a0000)
  to   space 104832K,   0% used [0x00000007799a0000, 0x00000007799a0000, 0x0000000780000000)
 tenured generation   total 2097152K, used 996202K [0x0000000780000000, 0x0000000800000000, 0x0000000800000000)
   the space 2097152K,  47% used [0x0000000780000000, 0x00000007bccdaac8, 0x00000007bccdac00, 0x0000000800000000)
 Metaspace       used 98338K, capacity 104664K, committed 104984K, reserved 1138688K
  class space    used 12394K, capacity 15092K, committed 15232K, reserved 1048576K
}
Event: 125397.289 GC heap after
{Heap after GC invocations=9006 (full 5):
 def new generation   total 943744K, used 739K [0x0000000740000000, 0x0000000780000000, 0x0000000780000000)
  eden space 838912K,   0% used [0x0000000740000000, 0x0000000740000000, 0x0000000773340000)
  from space 104832K,   0% used [0x00000007799a0000, 0x0000000779a58c30, 0x0000000780000000)
  to   space 104832K,   0% used [0x0000000773340000, 0x0000000773340000, 0x00000007799a0000)
 tenured generation   total 2097152K, used 996202K [0x0000000780000000, 0x0000000800000000, 0x0000000800000000)
   the space 2097152K,  47% used [0x0000000780000000, 0x00000007bccdab18, 0x00000007bccdac00, 0x0000000800000000)
 Metaspace       used 98338K, capacity 104664K, committed 104984K, reserved 1138688K
  class space    used 12394K, capacity 15092K, committed 15232K, reserved 1048576K
}
Event: 125410.095 GC heap before
{Heap before GC invocations=9006 (full 5):
 def new generation   total 943744K, used 839651K [0x0000000740000000, 0x0000000780000000, 0x0000000780000000)
  eden space 838912K, 100% used [0x0000000740000000, 0x0000000773340000, 0x0000000773340000)
  from space 104832K,   0% used [0x00000007799a0000, 0x0000000779a58c30, 0x0000000780000000)
  to   space 104832K,   0% used [0x0000000773340000, 0x0000000773340000, 0x00000007799a0000)
 tenured generation   total 2097152K, used 996202K [0x0000000780000000, 0x0000000800000000, 0x0000000800000000)
   the space 2097152K,  47% used [0x0000000780000000, 0x00000007bccdab18, 0x00000007bccdac00, 0x0000000800000000)
 Metaspace       used 98338K, capacity 104664K, committed 104984K, reserved 1138688K
  class space    used 12394K, capacity 15092K, committed 15232K, reserved 1048576K
}
Event: 125410.415 GC heap after
{Heap after GC invocations=9007 (full 5):
 def new generation   total 943744K, used 751K [0x0000000740000000, 0x0000000780000000, 0x0000000780000000)
  eden space 838912K,   0% used [0x0000000740000000, 0x0000000740000000, 0x0000000773340000)
  from space 104832K,   0% used [0x0000000773340000, 0x00000007733fbd88, 0x00000007799a0000)
  to   space 104832K,   0% used [0x00000007799a0000, 0x00000007799a0000, 0x0000000780000000)
 tenured generation   total 2097152K, used 996211K [0x0000000780000000, 0x0000000800000000, 0x0000000800000000)
   the space 2097152K,  47% used [0x0000000780000000, 0x00000007bccdcc58, 0x00000007bccdce00, 0x0000000800000000)
 Metaspace       used 98338K, capacity 104664K, committed 104984K, reserved 1138688K
  class space    used 12394K, capacity 15092K, committed 15232K, reserved 1048576K
}
Event: 125422.975 GC heap before
{Heap before GC invocations=9007 (full 5):
 def new generation   total 943744K, used 839663K [0x0000000740000000, 0x0000000780000000, 0x0000000780000000)
  eden space 838912K, 100% used [0x0000000740000000, 0x0000000773340000, 0x0000000773340000)
  from space 104832K,   0% used [0x0000000773340000, 0x00000007733fbd88, 0x00000007799a0000)
  to   space 104832K,   0% used [0x00000007799a0000, 0x00000007799a0000, 0x0000000780000000)
 tenured generation   total 2097152K, used 996211K [0x0000000780000000, 0x0000000800000000, 0x0000000800000000)
   the space 2097152K,  47% used [0x0000000780000000, 0x00000007bccdcc58, 0x00000007bccdce00, 0x0000000800000000)
 Metaspace       used 98338K, capacity 104664K, committed 104984K, reserved 1138688K
  class space    used 12394K, capacity 15092K, committed 15232K, reserved 1048576K
}
Event: 125423.358 GC heap after
{Heap after GC invocations=9008 (full 5):
 def new generation   total 943744K, used 750K [0x0000000740000000, 0x0000000780000000, 0x0000000780000000)
  eden space 838912K,   0% used [0x0000000740000000, 0x0000000740000000, 0x0000000773340000)
  from space 104832K,   0% used [0x00000007799a0000, 0x0000000779a5bb18, 0x0000000780000000)
  to   space 104832K,   0% used [0x0000000773340000, 0x0000000773340000, 0x00000007799a0000)
 tenured generation   total 2097152K, used 996211K [0x0000000780000000, 0x0000000800000000, 0x0000000800000000)
   the space 2097152K,  47% used [0x0000000780000000, 0x00000007bccdccd8, 0x00000007bccdce00, 0x0000000800000000)
 Metaspace       used 98338K, capacity 104664K, committed 104984K, reserved 1138688K
  class space    used 12394K, capacity 15092K, committed 15232K, reserved 1048576K
}
Event: 125435.203 GC heap before
{Heap before GC invocations=9008 (full 5):
 def new generation   total 943744K, used 839662K [0x0000000740000000, 0x0000000780000000, 0x0000000780000000)
  eden space 838912K, 100% used [0x0000000740000000, 0x0000000773340000, 0x0000000773340000)
  from space 104832K,   0% used [0x00000007799a0000, 0x0000000779a5bb18, 0x0000000780000000)
  to   space 104832K,   0% used [0x0000000773340000, 0x0000000773340000, 0x00000007799a0000)
 tenured generation   total 2097152K, used 996211K [0x0000000780000000, 0x0000000800000000, 0x0000000800000000)
   the space 2097152K,  47% used [0x0000000780000000, 0x00000007bccdccd8, 0x00000007bccdce00, 0x0000000800000000)
 Metaspace       used 98338K, capacity 104664K, committed 104984K, reserved 1138688K
  class space    used 12394K, capacity 15092K, committed 15232K, reserved 1048576K
}
Event: 125435.493 GC heap after
{Heap after GC invocations=9009 (full 5):
 def new generation   total 943744K, used 763K [0x0000000740000000, 0x0000000780000000, 0x0000000780000000)
  eden space 838912K,   0% used [0x0000000740000000, 0x0000000740000000, 0x0000000773340000)
  from space 104832K,   0% used [0x0000000773340000, 0x00000007733feec8, 0x00000007799a0000)
  to   space 104832K,   0% used [0x00000007799a0000, 0x00000007799a0000, 0x0000000780000000)
 tenured generation   total 2097152K, used 996212K [0x0000000780000000, 0x0000000800000000, 0x0000000800000000)
   the space 2097152K,  47% used [0x0000000780000000, 0x00000007bccdd0c8, 0x00000007bccdd200, 0x0000000800000000)
 Metaspace       used 98338K, capacity 104664K, committed 104984K, reserved 1138688K
  class space    used 12394K, capacity 15092K, committed 15232K, reserved 1048576K
}
Event: 125447.184 GC heap before
{Heap before GC invocations=9009 (full 5):
 def new generation   total 943744K, used 839675K [0x0000000740000000, 0x0000000780000000, 0x0000000780000000)
  eden space 838912K, 100% used [0x0000000740000000, 0x0000000773340000, 0x0000000773340000)
  from space 104832K,   0% used [0x0000000773340000, 0x00000007733feec8, 0x00000007799a0000)
  to   space 104832K,   0% used [0x00000007799a0000, 0x00000007799a0000, 0x0000000780000000)
 tenured generation   total 2097152K, used 996212K [0x0000000780000000, 0x0000000800000000, 0x0000000800000000)
   the space 2097152K,  47% used [0x0000000780000000, 0x00000007bccdd0c8, 0x00000007bccdd200, 0x0000000800000000)
 Metaspace       used 98338K, capacity 104664K, committed 104984K, reserved 1138688K
  class space    used 12394K, capacity 15092K, committed 15232K, reserved 1048576K
}
Event: 125447.464 GC heap after
{Heap after GC invocations=9010 (full 5):
 def new generation   total 943744K, used 694K [0x0000000740000000, 0x0000000780000000, 0x0000000780000000)
  eden space 838912K,   0% used [0x0000000740000000, 0x0000000740000000, 0x0000000773340000)
  from space 104832K,   0% used [0x00000007799a0000, 0x0000000779a4d920, 0x0000000780000000)
  to   space 104832K,   0% used [0x0000000773340000, 0x0000000773340000, 0x00000007799a0000)
 tenured generation   total 2097152K, used 996215K [0x0000000780000000, 0x0000000800000000, 0x0000000800000000)
   the space 2097152K,  47% used [0x0000000780000000, 0x00000007bccddc88, 0x00000007bccdde00, 0x0000000800000000)
 Metaspace       used 98338K, capacity 104664K, committed 104984K, reserved 1138688K
  class space    used 12394K, capacity 15092K, committed 15232K, reserved 1048576K
}
Event: 125459.436 GC heap before
{Heap before GC invocations=9010 (full 5):
 def new generation   total 943744K, used 839606K [0x0000000740000000, 0x0000000780000000, 0x0000000780000000)
  eden space 838912K, 100% used [0x0000000740000000, 0x0000000773340000, 0x0000000773340000)
  from space 104832K,   0% used [0x00000007799a0000, 0x0000000779a4d920, 0x0000000780000000)
  to   space 104832K,   0% used [0x0000000773340000, 0x0000000773340000, 0x00000007799a0000)
 tenured generation   total 2097152K, used 996215K [0x0000000780000000, 0x0000000800000000, 0x0000000800000000)
   the space 2097152K,  47% used [0x0000000780000000, 0x00000007bccddc88, 0x00000007bccdde00, 0x0000000800000000)
 Metaspace       used 98338K, capacity 104664K, committed 104984K, reserved 1138688K
  class space    used 12394K, capacity 15092K, committed 15232K, reserved 1048576K
}
Event: 125459.478 GC heap after
{Heap after GC invocations=9011 (full 5):
 def new generation   total 943744K, used 738K [0x0000000740000000, 0x0000000780000000, 0x0000000780000000)
  eden space 838912K,   0% used [0x0000000740000000, 0x0000000740000000, 0x0000000773340000)
  from space 104832K,   0% used [0x0000000773340000, 0x00000007733f89c8, 0x00000007799a0000)
  to   space 104832K,   0% used [0x00000007799a0000, 0x00000007799a0000, 0x0000000780000000)
 tenured generation   total 2097152K, used 996219K [0x0000000780000000, 0x0000000800000000, 0x0000000800000000)
   the space 2097152K,  47% used [0x0000000780000000, 0x00000007bccdedc8, 0x00000007bccdee00, 0x0000000800000000)
 Metaspace       used 98338K, capacity 104664K, committed 104984K, reserved 1138688K
  class space    used 12394K, capacity 15092K, committed 15232K, reserved 1048576K
}

